[INFO] Scanning for projects...
[INFO] 
[INFO] -------------------< com.example:quotation-service >--------------------
[INFO] Building quotation-service 0.0.1-SNAPSHOT
[INFO]   from pom.xml
[INFO] --------------------------------[ jar ]---------------------------------
[INFO] 
[INFO] --- resources:3.3.1:resources (default-resources) @ quotation-service ---
[INFO] Copying 1 resource from src\main\resources to target\classes
[INFO] Copying 8 resources from src\main\resources to target\classes
[INFO] 
[INFO] --- compiler:3.14.1:compile (default-compile) @ quotation-service ---
[INFO] Nothing to compile - all classes are up to date.
[INFO] 
[INFO] --- resources:3.3.1:testResources (default-testResources) @ quotation-service ---
[INFO] skip non existing resourceDirectory C:\Users\user\Downloads\quotation-service\src\test\resources
[INFO] 
[INFO] --- compiler:3.14.1:testCompile (default-testCompile) @ quotation-service ---
[INFO] Recompiling the module because of changed source code.
[INFO] Compiling 2 source files with javac [debug parameters release 25] to target\test-classes
[INFO] Some messages have been simplified; recompile with -Xdiags:verbose to get full output
[INFO] -------------------------------------------------------------
[ERROR] COMPILATION ERROR : 
[INFO] -------------------------------------------------------------
[ERROR] /C:/Users/user/Downloads/quotation-service/src/test/java/com/example/quotation_service/QuotationServiceTest.java:[116,27] incompatible types: java.math.BigDecimal cannot be converted to java.lang.Double
[ERROR] /C:/Users/user/Downloads/quotation-service/src/test/java/com/example/quotation_service/QuotationServiceTest.java:[117,26] incompatible types: java.math.BigDecimal cannot be converted to java.lang.Double
[ERROR] /C:/Users/user/Downloads/quotation-service/src/test/java/com/example/quotation_service/QuotationServiceTest.java:[129,93] cannot find symbol
  symbol:   method stripTrailingZeros()
  location: class java.lang.Double
[INFO] 3 errors 
[INFO] -------------------------------------------------------------
[INFO] ------------------------------------------------------------------------
[INFO] BUILD FAILURE
[INFO] ------------------------------------------------------------------------
[INFO] Total time:  3.702 s
[INFO] Finished at: 2026-02-17T11:37:38+05:30
[INFO] ------------------------------------------------------------------------
[ERROR] Failed to execute goal org.apache.maven.plugins:maven-compiler-plugin:3.14.1:testCompile (default-testCompile) on project quotation-service: Compilation failure: Compilation failure: 
[ERROR] /C:/Users/user/Downloads/quotation-service/src/test/java/com/example/quotation_service/QuotationServiceTest.java:[116,27] incompatible types: java.math.BigDecimal cannot be converted to java.lang.Double
[ERROR] /C:/Users/user/Downloads/quotation-service/src/test/java/com/example/quotation_service/QuotationServiceTest.java:[117,26] incompatible types: java.math.BigDecimal cannot be converted to java.lang.Double
[ERROR] /C:/Users/user/Downloads/quotation-service/src/test/java/com/example/quotation_service/QuotationServiceTest.java:[129,93] cannot find symbol
[ERROR]   symbol:   method stripTrailingZeros()
[ERROR]   location: class java.lang.Double
[ERROR] -> [Help 1]
[ERROR] 
[ERROR] To see the full stack trace of the errors, re-run Maven with the -e switch.
[ERROR] Re-run Maven using the -X switch to enable full debug logging.
[ERROR] 
[ERROR] For more information about the errors and possible solutions, please read the following articles:
[ERROR] [Help 1] http://cwiki.apache.org/confluence/display/MAVEN/MojoFailureException
